\BOOKMARK [0][]{chapter*.2}{\315ndice de figuras}{}% 1
\BOOKMARK [0][]{chapter*.3}{\315ndice de tablas}{}% 2
\BOOKMARK [0][]{chapter.1}{1 Conceptos de electromagnetismo}{}% 3
\BOOKMARK [1][]{section.1.1}{1.1 Las ecuaciones de Maxwell}{chapter.1}% 4
\BOOKMARK [1][]{section.1.2}{1.2 Condiciones a la frontera}{chapter.1}% 5
\BOOKMARK [1][]{section.1.3}{1.3 Campos el\351ctromagn\351ticos arm\363nicos}{chapter.1}% 6
\BOOKMARK [1][]{section.1.4}{1.4 Vector de Poynting}{chapter.1}% 7
\BOOKMARK [1][]{section.1.5}{1.5 Permitividad el\351ctrica y permeabilidad magn\351tica}{chapter.1}% 8
\BOOKMARK [0][]{chapter.2}{2 Teor\355a general de esparcimiento}{}% 9
\BOOKMARK [1][]{section.2.1}{2.1 \040Matriz de amplitud de esparcimiento}{chapter.2}% 10
\BOOKMARK [1][]{section.2.2}{2.2 Esparcimiento, extinci\363n y absorci\363n}{chapter.2}% 11
\BOOKMARK [1][]{section.2.3}{2.3 Teorema \363ptico}{chapter.2}% 12
\BOOKMARK [1][]{section.2.4}{2.4 Ejercicios sugeridos}{chapter.2}% 13
\BOOKMARK [0][]{chapter.3}{3 Los arm\363nicos esf\351ricos vectoriales}{}% 14
\BOOKMARK [1][]{section.3.1}{3.1 Soluci\363n con geometr\355a esf\351rica}{chapter.3}% 15
\BOOKMARK [1][]{section.3.2}{3.2 Relaciones de ortogonalidad}{chapter.3}% 16
\BOOKMARK [1][]{section.3.3}{3.3 Expansi\363n de una onda plana}{chapter.3}% 17
\BOOKMARK [1][]{section.3.4}{3.4 Ejercicios sugeridos}{chapter.3}% 18
\BOOKMARK [0][]{chapter.4}{4 Esparcimiento y absorci\363n de una esfera}{}% 19
\BOOKMARK [0][]{chapter.5}{5 Casos particulares}{}% 20
\BOOKMARK [0][]{appendix.Alph1}{A Teorema \323ptico: Deducci\363n de van de Hulst}{}% 21
